c:\users\drinker\documents\visual studio 2015\projects\computational_methods_lab1\computational_methods_lab1\x64\debug\vc140.pdb
c:\users\drinker\documents\visual studio 2015\projects\computational_methods_lab1\computational_methods_lab1\x64\debug\myform.obj
c:\users\drinker\documents\visual studio 2015\projects\computational_methods_lab1\computational_methods_lab1\x64\debug\.netframework,version=v4.5.2.assemblyattributes.obj
c:\users\drinker\documents\visual studio 2015\projects\computational_methods_lab1\computational_methods_lab1\x64\debug\.netframework,version=v4.5.2.assemblyattributes.asm
c:\users\drinker\documents\visual studio 2015\projects\computational_methods_lab1\computational_methods_lab1\x64\debug\computational_methods_lab1.myform.resources
c:\users\user\desktop\nummethods-master\computational_methods_lab1\x64\debug\computational_methods_lab1.vcxproj.generateresource.cache
c:\users\user\desktop\nummethods-master\computational_methods_lab1\x64\debug\.netframework,version=v4.5.2.assemblyattributes.obj
c:\users\user\desktop\nummethods-master\computational_methods_lab1\x64\debug\myform.obj
c:\users\user\desktop\nummethods-master\computational_methods_lab1\x64\debug\computational_methods_lab1.myform.resources
c:\users\user\desktop\nummethods-master\computational_methods_lab1\x64\debug\vc140.pdb
c:\users\user\desktop\nummethods-master\computational_methods_lab1\x64\debug\computat.9696b190.tlog\cl.command.1.tlog
c:\users\user\desktop\nummethods-master\computational_methods_lab1\x64\debug\computat.9696b190.tlog\cl.read.1.tlog
c:\users\user\desktop\nummethods-master\computational_methods_lab1\x64\debug\computat.9696b190.tlog\cl.write.1.tlog
c:\users\user\desktop\nummethods-master\computational_methods_lab1\x64\debug\computat.9696b190.tlog\computational_methods_lab1.write.1u.tlog
c:\users\user\desktop\nummethods-master\computational_methods_lab1\x64\debug\computat.9696b190.tlog\link.12356.read.1.tlog
c:\users\user\desktop\nummethods-master\computational_methods_lab1\x64\debug\computat.9696b190.tlog\link.12356.write.1.tlog
c:\users\user\desktop\nummethods-master\computational_methods_lab1\x64\debug\computat.9696b190.tlog\link.command.1.tlog
c:\users\user\desktop\nummethods-master\computational_methods_lab1\x64\debug\computat.9696b190.tlog\link.read.1.tlog
c:\users\user\desktop\nummethods-master\computational_methods_lab1\x64\debug\computat.9696b190.tlog\link.write.1.tlog
c:\users\user\desktop\nummethods-master\computational_methods_lab1\x64\debug\computat.9696b190.tlog\metagen.read.1.tlog
c:\users\user\desktop\nummethods-master\computational_methods_lab1\x64\debug\computat.9696b190.tlog\metagen.write.1.tlog
c:\users\user\desktop\nummethods-master\computational_methods_lab1\x64\debug\computat.9696b190.tlog\tzres.dll.bi
